2026-06-03 08:33:27.864 +05:30 [INF] AuthService | Starting Auth Service...
2026-06-03 08:33:33.557 +05:30 [INF] AuthService | JWT configured with Issuer: SmartHotelBooking
2026-06-03 08:33:37.296 +05:30 [INF] AuthService | Auth Service started successfully on port 5001
2026-06-03 08:33:40.595 +05:30 [INF] AuthService | Now listening on: http://localhost:5001
2026-06-03 08:33:40.818 +05:30 [INF] AuthService | Application started. Press Ctrl+C to shut down.
2026-06-03 08:33:41.003 +05:30 [INF] AuthService | Hosting environment: Development
2026-06-03 08:33:41.022 +05:30 [INF] AuthService | Content root path: C:\Users\2492212\OneDrive - Cognizant\Desktop\sddr\fincl\AuthService
2026-06-03 11:50:52.508 +05:30 [INF] AuthService | Starting Auth Service...
2026-06-03 11:50:54.803 +05:30 [INF] AuthService | JWT configured with Issuer: SmartHotelBooking
2026-06-03 11:50:56.012 +05:30 [INF] AuthService | Auth Service started successfully on port 5001
2026-06-03 11:50:57.532 +05:30 [INF] AuthService | Now listening on: http://localhost:5001
2026-06-03 11:50:57.723 +05:30 [INF] AuthService | Application started. Press Ctrl+C to shut down.
2026-06-03 11:50:57.730 +05:30 [INF] AuthService | Hosting environment: Development
2026-06-03 11:50:57.732 +05:30 [INF] AuthService | Content root path: C:\Users\2492212\OneDrive - Cognizant\Desktop\sddr\fincl\AuthService
2026-06-03 17:42:28.849 +05:30 [INF] AuthService | Starting Auth Service...
2026-06-03 17:42:32.809 +05:30 [INF] AuthService | JWT configured with Issuer: SmartHotelBooking
2026-06-03 17:42:36.003 +05:30 [INF] AuthService | Auth Service started successfully on port 5001
2026-06-03 17:42:37.812 +05:30 [INF] AuthService | Now listening on: http://localhost:5001
2026-06-03 17:42:38.379 +05:30 [INF] AuthService | Application started. Press Ctrl+C to shut down.
2026-06-03 17:42:38.464 +05:30 [INF] AuthService | Hosting environment: Development
2026-06-03 17:42:38.481 +05:30 [INF] AuthService | Content root path: C:\Users\2492212\OneDrive - Cognizant\Desktop\sddr\fincl\AuthService
