2026-06-05 08:41:32.417 +05:30 [INF] AuthService | Starting Auth Service...
2026-06-05 08:41:35.291 +05:30 [INF] AuthService | JWT configured with Issuer: SmartHotelBooking
2026-06-05 08:41:36.956 +05:30 [INF] AuthService | Auth Service started successfully on port 5001
2026-06-05 08:41:38.174 +05:30 [INF] AuthService | Now listening on: http://localhost:5001
2026-06-05 08:41:38.391 +05:30 [INF] AuthService | Application started. Press Ctrl+C to shut down.
2026-06-05 08:41:38.426 +05:30 [INF] AuthService | Hosting environment: Development
2026-06-05 08:41:38.501 +05:30 [INF] AuthService | Content root path: C:\Users\2492212\OneDrive - Cognizant\Desktop\sddr\fincl\AuthService
2026-06-05 08:44:31.197 +05:30 [INF] AuthService | Starting Auth Service...
2026-06-05 08:44:35.039 +05:30 [INF] AuthService | JWT configured with Issuer: SmartHotelBooking
2026-06-05 08:44:37.792 +05:30 [INF] AuthService | Auth Service started successfully on port 5001
2026-06-05 08:44:38.906 +05:30 [INF] AuthService | Now listening on: http://localhost:5001
2026-06-05 08:44:39.191 +05:30 [INF] AuthService | Application started. Press Ctrl+C to shut down.
2026-06-05 08:44:39.196 +05:30 [INF] AuthService | Hosting environment: Development
2026-06-05 08:44:39.198 +05:30 [INF] AuthService | Content root path: C:\Users\2492212\OneDrive - Cognizant\Desktop\sddr\fincl\AuthService
2026-06-05 09:25:48.560 +05:30 [INF] AuthService | Starting Auth Service...
2026-06-05 09:25:50.994 +05:30 [INF] AuthService | JWT configured with Issuer: SmartHotelBooking
2026-06-05 09:25:56.881 +05:30 [INF] AuthService | Auth Service started successfully on port 5001
2026-06-05 09:25:59.261 +05:30 [INF] AuthService | Now listening on: http://localhost:5001
2026-06-05 09:25:59.861 +05:30 [INF] AuthService | Application started. Press Ctrl+C to shut down.
2026-06-05 09:25:59.866 +05:30 [INF] AuthService | Hosting environment: Development
2026-06-05 09:25:59.870 +05:30 [INF] AuthService | Content root path: C:\Users\2492212\OneDrive - Cognizant\Desktop\sddr\fincl\AuthService
2026-06-05 10:28:10.128 +05:30 [INF] AuthService | Starting Auth Service...
2026-06-05 10:28:12.760 +05:30 [INF] AuthService | JWT configured with Issuer: SmartHotelBooking
2026-06-05 10:28:14.083 +05:30 [INF] AuthService | Auth Service started successfully on port 5001
2026-06-05 10:28:16.184 +05:30 [INF] AuthService | Now listening on: http://localhost:5001
2026-06-05 10:28:16.439 +05:30 [INF] AuthService | Application started. Press Ctrl+C to shut down.
2026-06-05 10:28:16.588 +05:30 [INF] AuthService | Hosting environment: Development
2026-06-05 10:28:16.591 +05:30 [INF] AuthService | Content root path: C:\Users\2492212\OneDrive - Cognizant\Desktop\sddr\fincl\AuthService
2026-06-05 14:10:57.851 +05:30 [INF] AuthService | Starting Auth Service...
2026-06-05 14:11:00.724 +05:30 [INF] AuthService | JWT configured with Issuer: SmartHotelBooking
2026-06-05 14:11:02.371 +05:30 [INF] AuthService | Auth Service started successfully on port 5001
2026-06-05 14:11:03.800 +05:30 [INF] AuthService | Now listening on: http://localhost:5001
2026-06-05 14:11:04.066 +05:30 [INF] AuthService | Application started. Press Ctrl+C to shut down.
2026-06-05 14:11:04.190 +05:30 [INF] AuthService | Hosting environment: Development
2026-06-05 14:11:04.232 +05:30 [INF] AuthService | Content root path: C:\Users\2492212\OneDrive - Cognizant\Desktop\sddr\fincl\AuthService
2026-06-05 14:16:31.888 +05:30 [INF] AuthService | Starting Auth Service...
2026-06-05 14:16:34.525 +05:30 [INF] AuthService | JWT configured with Issuer: SmartHotelBooking
2026-06-05 14:16:35.726 +05:30 [INF] AuthService | Auth Service started successfully on port 5001
2026-06-05 14:16:36.657 +05:30 [INF] AuthService | Now listening on: http://localhost:5001
2026-06-05 14:16:37.046 +05:30 [INF] AuthService | Application started. Press Ctrl+C to shut down.
2026-06-05 14:16:37.844 +05:30 [INF] AuthService | Hosting environment: Development
2026-06-05 14:16:39.142 +05:30 [INF] AuthService | Content root path: C:\Users\2492212\OneDrive - Cognizant\Desktop\sddr\fincl\AuthService
