2026-05-30 16:47:54.008 +05:30 [INF] LoyaltyService | Starting Loyalty Service...
2026-05-30 16:47:54.428 +05:30 [INF] LoyaltyService | Loyalty Service started successfully on port 5007
2026-05-30 16:47:54.546 +05:30 [INF] LoyaltyService | Now listening on: http://localhost:5007
2026-05-30 16:47:54.554 +05:30 [INF] LoyaltyService | Application started. Press Ctrl+C to shut down.
2026-05-30 16:47:54.558 +05:30 [INF] LoyaltyService | Hosting environment: Development
2026-05-30 16:47:54.561 +05:30 [INF] LoyaltyService | Content root path: C:\Users\2492212\OneDrive - Cognizant\Desktop\final project\LoyaltyService
2026-05-30 16:52:14.201 +05:30 [INF] LoyaltyService | Application is shutting down...
2026-05-30 17:08:41.091 +05:30 [INF] LoyaltyService | Starting Loyalty Service...
2026-05-30 17:08:41.342 +05:30 [FTL] LoyaltyService | Loyalty Service failed to start
Microsoft.Extensions.Hosting.HostAbortedException: The host was aborted.
   at Microsoft.Extensions.Hosting.HostFactoryResolver.HostingListener.ThrowHostAborted()
   at Microsoft.Extensions.Hosting.HostFactoryResolver.HostingListener.OnNext(KeyValuePair`2 value)
   at System.Diagnostics.DiagnosticListener.Write(String name, Object value)
   at Microsoft.Extensions.Hosting.HostBuilder.ResolveHost(IServiceProvider serviceProvider, DiagnosticListener diagnosticListener)
   at Microsoft.Extensions.Hosting.HostApplicationBuilder.Build()
   at Microsoft.AspNetCore.Builder.WebApplicationBuilder.Build()
   at Program.<Main>$(String[] args) in C:\Users\2492212\OneDrive - Cognizant\Desktop\final project\LoyaltyService\Program.cs:line 98
2026-05-30 17:14:03.005 +05:30 [INF] LoyaltyService | Starting Loyalty Service...
2026-05-30 17:14:03.465 +05:30 [INF] LoyaltyService | Loyalty Service started successfully on port 5007
2026-05-30 17:14:03.581 +05:30 [INF] LoyaltyService | Now listening on: http://localhost:5007
2026-05-30 17:14:03.589 +05:30 [INF] LoyaltyService | Application started. Press Ctrl+C to shut down.
2026-05-30 17:14:03.593 +05:30 [INF] LoyaltyService | Hosting environment: Development
2026-05-30 17:14:03.598 +05:30 [INF] LoyaltyService | Content root path: C:\Users\2492212\OneDrive - Cognizant\Desktop\final project\LoyaltyService
2026-05-30 17:33:37.683 +05:30 [INF] LoyaltyService | Starting Loyalty Service...
2026-05-30 17:33:38.185 +05:30 [INF] LoyaltyService | Loyalty Service started successfully on port 5007
2026-05-30 17:33:38.307 +05:30 [INF] LoyaltyService | Now listening on: http://localhost:5007
2026-05-30 17:33:38.316 +05:30 [INF] LoyaltyService | Application started. Press Ctrl+C to shut down.
2026-05-30 17:33:38.320 +05:30 [INF] LoyaltyService | Hosting environment: Development
2026-05-30 17:33:38.323 +05:30 [INF] LoyaltyService | Content root path: C:\Users\2492212\OneDrive - Cognizant\Desktop\final project\LoyaltyService
