2026-06-05 08:41:31.412 +05:30 [INF] LoyaltyService | Starting Loyalty Service...
2026-06-05 08:41:38.123 +05:30 [INF] LoyaltyService | Loyalty Service started successfully on port 5007
2026-06-05 08:41:39.891 +05:30 [INF] LoyaltyService | Now listening on: http://localhost:5007
2026-06-05 08:41:40.424 +05:30 [INF] LoyaltyService | Application started. Press Ctrl+C to shut down.
2026-06-05 08:41:40.431 +05:30 [INF] LoyaltyService | Hosting environment: Development
2026-06-05 08:41:40.438 +05:30 [INF] LoyaltyService | Content root path: C:\Users\2492212\OneDrive - Cognizant\Desktop\sddr\fincl\LoyaltyService
2026-06-05 08:44:31.395 +05:30 [INF] LoyaltyService | Starting Loyalty Service...
2026-06-05 08:44:38.253 +05:30 [INF] LoyaltyService | Loyalty Service started successfully on port 5007
2026-06-05 08:44:39.227 +05:30 [INF] LoyaltyService | Now listening on: http://localhost:5007
2026-06-05 08:44:39.530 +05:30 [INF] LoyaltyService | Application started. Press Ctrl+C to shut down.
2026-06-05 08:44:39.561 +05:30 [INF] LoyaltyService | Hosting environment: Development
2026-06-05 08:44:39.571 +05:30 [INF] LoyaltyService | Content root path: C:\Users\2492212\OneDrive - Cognizant\Desktop\sddr\fincl\LoyaltyService
2026-06-05 09:25:43.978 +05:30 [INF] LoyaltyService | Starting Loyalty Service...
2026-06-05 09:25:50.515 +05:30 [INF] LoyaltyService | Loyalty Service started successfully on port 5007
2026-06-05 09:25:51.624 +05:30 [INF] LoyaltyService | Now listening on: http://localhost:5007
2026-06-05 09:25:52.090 +05:30 [INF] LoyaltyService | Application started. Press Ctrl+C to shut down.
2026-06-05 09:25:52.930 +05:30 [INF] LoyaltyService | Hosting environment: Development
2026-06-05 09:25:52.934 +05:30 [INF] LoyaltyService | Content root path: C:\Users\2492212\OneDrive - Cognizant\Desktop\sddr\fincl\LoyaltyService
2026-06-05 10:28:08.342 +05:30 [INF] LoyaltyService | Starting Loyalty Service...
2026-06-05 10:28:12.752 +05:30 [INF] LoyaltyService | Loyalty Service started successfully on port 5007
2026-06-05 10:28:13.495 +05:30 [INF] LoyaltyService | Now listening on: http://localhost:5007
2026-06-05 10:28:14.041 +05:30 [INF] LoyaltyService | Application started. Press Ctrl+C to shut down.
2026-06-05 10:28:14.048 +05:30 [INF] LoyaltyService | Hosting environment: Development
2026-06-05 10:28:14.050 +05:30 [INF] LoyaltyService | Content root path: C:\Users\2492212\OneDrive - Cognizant\Desktop\sddr\fincl\LoyaltyService
2026-06-05 14:10:55.037 +05:30 [INF] LoyaltyService | Starting Loyalty Service...
2026-06-05 14:10:59.060 +05:30 [INF] LoyaltyService | Loyalty Service started successfully on port 5007
2026-06-05 14:11:00.168 +05:30 [INF] LoyaltyService | Now listening on: http://localhost:5007
2026-06-05 14:11:00.394 +05:30 [INF] LoyaltyService | Application started. Press Ctrl+C to shut down.
2026-06-05 14:11:00.550 +05:30 [INF] LoyaltyService | Hosting environment: Development
2026-06-05 14:11:00.558 +05:30 [INF] LoyaltyService | Content root path: C:\Users\2492212\OneDrive - Cognizant\Desktop\sddr\fincl\LoyaltyService
2026-06-05 14:16:31.455 +05:30 [INF] LoyaltyService | Starting Loyalty Service...
2026-06-05 14:16:35.107 +05:30 [INF] LoyaltyService | Loyalty Service started successfully on port 5007
2026-06-05 14:16:35.831 +05:30 [INF] LoyaltyService | Now listening on: http://localhost:5007
2026-06-05 14:16:36.065 +05:30 [INF] LoyaltyService | Application started. Press Ctrl+C to shut down.
2026-06-05 14:16:36.068 +05:30 [INF] LoyaltyService | Hosting environment: Development
2026-06-05 14:16:36.071 +05:30 [INF] LoyaltyService | Content root path: C:\Users\2492212\OneDrive - Cognizant\Desktop\sddr\fincl\LoyaltyService
