2026-06-11 15:39:26.292 +05:30 [INF] ApiGateway | Starting API Gateway...
2026-06-11 15:39:33.709 +05:30 [INF] ApiGateway | API Gateway started successfully on port 5000
2026-06-11 15:39:36.950 +05:30 [INF] ApiGateway | Now listening on: http://localhost:5000
2026-06-11 15:39:37.626 +05:30 [INF] ApiGateway | Application started. Press Ctrl+C to shut down.
2026-06-11 15:39:37.663 +05:30 [INF] ApiGateway | Hosting environment: Development
2026-06-11 15:39:37.667 +05:30 [INF] ApiGateway | Content root path: C:\Users\2492212\OneDrive - Cognizant\Desktop\sddr\fincl\ApiGateway
2026-06-11 16:14:54.892 +05:30 [DBG] ApiGateway | requestId: 0HNM7KPSITGJU:00000002, previousRequestId: No PreviousRequestId, message: 'ocelot pipeline started'
2026-06-11 16:14:54.914 +05:30 [DBG] ApiGateway | requestId: 0HNM7KPSITGJU:00000002, previousRequestId: No PreviousRequestId, message: 'Upstream url path is /api/Auth/login'
2026-06-11 16:14:54.963 +05:30 [DBG] ApiGateway | requestId: 0HNM7KPSITGJU:00000002, previousRequestId: No PreviousRequestId, message: 'downstream templates are /api/auth/{everything}'
2026-06-11 16:14:55.001 +05:30 [INF] ApiGateway | requestId: 0HNM7KPSITGJU:00000002, previousRequestId: No PreviousRequestId, message: 'EndpointRateLimiting is not enabled for /api/auth/{everything}'
2026-06-11 16:14:55.008 +05:30 [INF] ApiGateway | requestId: 0HNM7KPSITGJU:00000002, previousRequestId: No PreviousRequestId, message: 'No authentication needed for path '/api/Auth/login'.'
2026-06-11 16:14:55.015 +05:30 [INF] ApiGateway | requestId: 0HNM7KPSITGJU:00000002, previousRequestId: No PreviousRequestId, message: '/api/auth/{everything} route does not require user to be authorized'
2026-06-11 16:14:55.037 +05:30 [DBG] ApiGateway | requestId: 0HNM7KPSITGJU:00000002, previousRequestId: No PreviousRequestId, message: 'Downstream url is http://localhost:5001/api/auth/login'
2026-06-11 16:14:58.148 +05:30 [DBG] ApiGateway | requestId: 0HNM7KPSITGJV:00000001, previousRequestId: No PreviousRequestId, message: 'ocelot pipeline started'
2026-06-11 16:14:58.151 +05:30 [DBG] ApiGateway | requestId: 0HNM7KPSITGJV:00000001, previousRequestId: No PreviousRequestId, message: 'Upstream url path is /api/Auth/login'
2026-06-11 16:14:58.154 +05:30 [DBG] ApiGateway | requestId: 0HNM7KPSITGJV:00000001, previousRequestId: No PreviousRequestId, message: 'downstream templates are /api/auth/{everything}'
2026-06-11 16:14:58.156 +05:30 [INF] ApiGateway | requestId: 0HNM7KPSITGJV:00000001, previousRequestId: No PreviousRequestId, message: 'EndpointRateLimiting is not enabled for /api/auth/{everything}'
2026-06-11 16:14:58.159 +05:30 [INF] ApiGateway | requestId: 0HNM7KPSITGJV:00000001, previousRequestId: No PreviousRequestId, message: 'No authentication needed for path '/api/Auth/login'.'
2026-06-11 16:14:58.161 +05:30 [INF] ApiGateway | requestId: 0HNM7KPSITGJV:00000001, previousRequestId: No PreviousRequestId, message: '/api/auth/{everything} route does not require user to be authorized'
2026-06-11 16:14:58.172 +05:30 [DBG] ApiGateway | requestId: 0HNM7KPSITGJV:00000001, previousRequestId: No PreviousRequestId, message: 'Downstream url is http://localhost:5001/api/auth/login'
2026-06-11 16:14:58.900 +05:30 [DBG] ApiGateway | requestId: 0HNM7KPSITGK0:00000001, previousRequestId: No PreviousRequestId, message: 'ocelot pipeline started'
2026-06-11 16:14:58.903 +05:30 [DBG] ApiGateway | requestId: 0HNM7KPSITGK0:00000001, previousRequestId: No PreviousRequestId, message: 'Upstream url path is /api/Auth/login'
2026-06-11 16:14:58.905 +05:30 [DBG] ApiGateway | requestId: 0HNM7KPSITGK0:00000001, previousRequestId: No PreviousRequestId, message: 'downstream templates are /api/auth/{everything}'
2026-06-11 16:14:58.907 +05:30 [INF] ApiGateway | requestId: 0HNM7KPSITGK0:00000001, previousRequestId: No PreviousRequestId, message: 'EndpointRateLimiting is not enabled for /api/auth/{everything}'
2026-06-11 16:14:58.909 +05:30 [INF] ApiGateway | requestId: 0HNM7KPSITGK0:00000001, previousRequestId: No PreviousRequestId, message: 'No authentication needed for path '/api/Auth/login'.'
2026-06-11 16:14:58.911 +05:30 [INF] ApiGateway | requestId: 0HNM7KPSITGK0:00000001, previousRequestId: No PreviousRequestId, message: '/api/auth/{everything} route does not require user to be authorized'
2026-06-11 16:14:58.912 +05:30 [DBG] ApiGateway | requestId: 0HNM7KPSITGK0:00000001, previousRequestId: No PreviousRequestId, message: 'Downstream url is http://localhost:5001/api/auth/login'
2026-06-11 16:14:59.241 +05:30 [DBG] ApiGateway | requestId: 0HNM7KPSITGK1:00000001, previousRequestId: No PreviousRequestId, message: 'ocelot pipeline started'
2026-06-11 16:14:59.243 +05:30 [DBG] ApiGateway | requestId: 0HNM7KPSITGK1:00000001, previousRequestId: No PreviousRequestId, message: 'Upstream url path is /api/Auth/login'
2026-06-11 16:14:59.245 +05:30 [DBG] ApiGateway | requestId: 0HNM7KPSITGK1:00000001, previousRequestId: No PreviousRequestId, message: 'downstream templates are /api/auth/{everything}'
2026-06-11 16:14:59.250 +05:30 [INF] ApiGateway | requestId: 0HNM7KPSITGK1:00000001, previousRequestId: No PreviousRequestId, message: 'EndpointRateLimiting is not enabled for /api/auth/{everything}'
2026-06-11 16:14:59.252 +05:30 [INF] ApiGateway | requestId: 0HNM7KPSITGK1:00000001, previousRequestId: No PreviousRequestId, message: 'No authentication needed for path '/api/Auth/login'.'
2026-06-11 16:14:59.254 +05:30 [INF] ApiGateway | requestId: 0HNM7KPSITGK1:00000001, previousRequestId: No PreviousRequestId, message: '/api/auth/{everything} route does not require user to be authorized'
2026-06-11 16:14:59.257 +05:30 [DBG] ApiGateway | requestId: 0HNM7KPSITGK1:00000001, previousRequestId: No PreviousRequestId, message: 'Downstream url is http://localhost:5001/api/auth/login'
2026-06-11 16:14:59.472 +05:30 [DBG] ApiGateway | requestId: 0HNM7KPSITGK2:00000001, previousRequestId: No PreviousRequestId, message: 'ocelot pipeline started'
2026-06-11 16:14:59.474 +05:30 [DBG] ApiGateway | requestId: 0HNM7KPSITGK2:00000001, previousRequestId: No PreviousRequestId, message: 'Upstream url path is /api/Auth/login'
2026-06-11 16:14:59.476 +05:30 [DBG] ApiGateway | requestId: 0HNM7KPSITGK2:00000001, previousRequestId: No PreviousRequestId, message: 'downstream templates are /api/auth/{everything}'
2026-06-11 16:14:59.478 +05:30 [INF] ApiGateway | requestId: 0HNM7KPSITGK2:00000001, previousRequestId: No PreviousRequestId, message: 'EndpointRateLimiting is not enabled for /api/auth/{everything}'
2026-06-11 16:14:59.480 +05:30 [INF] ApiGateway | requestId: 0HNM7KPSITGK2:00000001, previousRequestId: No PreviousRequestId, message: 'No authentication needed for path '/api/Auth/login'.'
2026-06-11 16:14:59.486 +05:30 [INF] ApiGateway | requestId: 0HNM7KPSITGK2:00000001, previousRequestId: No PreviousRequestId, message: '/api/auth/{everything} route does not require user to be authorized'
2026-06-11 16:14:59.488 +05:30 [DBG] ApiGateway | requestId: 0HNM7KPSITGK2:00000001, previousRequestId: No PreviousRequestId, message: 'Downstream url is http://localhost:5001/api/auth/login'
2026-06-11 16:14:59.669 +05:30 [DBG] ApiGateway | requestId: 0HNM7KPSITGK3:00000001, previousRequestId: No PreviousRequestId, message: 'ocelot pipeline started'
2026-06-11 16:14:59.671 +05:30 [DBG] ApiGateway | requestId: 0HNM7KPSITGK3:00000001, previousRequestId: No PreviousRequestId, message: 'Upstream url path is /api/Auth/login'
2026-06-11 16:14:59.673 +05:30 [DBG] ApiGateway | requestId: 0HNM7KPSITGK3:00000001, previousRequestId: No PreviousRequestId, message: 'downstream templates are /api/auth/{everything}'
2026-06-11 16:14:59.675 +05:30 [INF] ApiGateway | requestId: 0HNM7KPSITGK3:00000001, previousRequestId: No PreviousRequestId, message: 'EndpointRateLimiting is not enabled for /api/auth/{everything}'
2026-06-11 16:14:59.677 +05:30 [INF] ApiGateway | requestId: 0HNM7KPSITGK3:00000001, previousRequestId: No PreviousRequestId, message: 'No authentication needed for path '/api/Auth/login'.'
2026-06-11 16:14:59.679 +05:30 [INF] ApiGateway | requestId: 0HNM7KPSITGK3:00000001, previousRequestId: No PreviousRequestId, message: '/api/auth/{everything} route does not require user to be authorized'
2026-06-11 16:14:59.680 +05:30 [DBG] ApiGateway | requestId: 0HNM7KPSITGK3:00000001, previousRequestId: No PreviousRequestId, message: 'Downstream url is http://localhost:5001/api/auth/login'
2026-06-11 16:15:02.490 +05:30 [WRN] ApiGateway | requestId: 0HNM7KPSITGK1:00000001, previousRequestId: No PreviousRequestId, message: '400 (Bad Request) status code of request URI: http://localhost:5001/api/auth/login.'
2026-06-11 16:15:02.490 +05:30 [WRN] ApiGateway | requestId: 0HNM7KPSITGK3:00000001, previousRequestId: No PreviousRequestId, message: '400 (Bad Request) status code of request URI: http://localhost:5001/api/auth/login.'
2026-06-11 16:15:02.490 +05:30 [WRN] ApiGateway | requestId: 0HNM7KPSITGK2:00000001, previousRequestId: No PreviousRequestId, message: '400 (Bad Request) status code of request URI: http://localhost:5001/api/auth/login.'
2026-06-11 16:15:02.490 +05:30 [WRN] ApiGateway | requestId: 0HNM7KPSITGK0:00000001, previousRequestId: No PreviousRequestId, message: '400 (Bad Request) status code of request URI: http://localhost:5001/api/auth/login.'
2026-06-11 16:15:02.490 +05:30 [WRN] ApiGateway | requestId: 0HNM7KPSITGJU:00000002, previousRequestId: No PreviousRequestId, message: '400 (Bad Request) status code of request URI: http://localhost:5001/api/auth/login.'
2026-06-11 16:15:02.490 +05:30 [WRN] ApiGateway | requestId: 0HNM7KPSITGJV:00000001, previousRequestId: No PreviousRequestId, message: '400 (Bad Request) status code of request URI: http://localhost:5001/api/auth/login.'
2026-06-11 16:15:02.493 +05:30 [DBG] ApiGateway | requestId: 0HNM7KPSITGK1:00000001, previousRequestId: No PreviousRequestId, message: 'setting http response message'
2026-06-11 16:15:02.496 +05:30 [DBG] ApiGateway | requestId: 0HNM7KPSITGK3:00000001, previousRequestId: No PreviousRequestId, message: 'setting http response message'
2026-06-11 16:15:02.497 +05:30 [DBG] ApiGateway | requestId: 0HNM7KPSITGK2:00000001, previousRequestId: No PreviousRequestId, message: 'setting http response message'
2026-06-11 16:15:02.499 +05:30 [DBG] ApiGateway | requestId: 0HNM7KPSITGK0:00000001, previousRequestId: No PreviousRequestId, message: 'setting http response message'
2026-06-11 16:15:02.501 +05:30 [DBG] ApiGateway | requestId: 0HNM7KPSITGJU:00000002, previousRequestId: No PreviousRequestId, message: 'setting http response message'
2026-06-11 16:15:02.503 +05:30 [DBG] ApiGateway | requestId: 0HNM7KPSITGJV:00000001, previousRequestId: No PreviousRequestId, message: 'setting http response message'
2026-06-11 16:15:02.531 +05:30 [DBG] ApiGateway | requestId: 0HNM7KPSITGK1:00000001, previousRequestId: No PreviousRequestId, message: 'no pipeline errors, setting and returning completed response'
2026-06-11 16:15:02.531 +05:30 [DBG] ApiGateway | requestId: 0HNM7KPSITGK0:00000001, previousRequestId: No PreviousRequestId, message: 'no pipeline errors, setting and returning completed response'
2026-06-11 16:15:02.531 +05:30 [DBG] ApiGateway | requestId: 0HNM7KPSITGJV:00000001, previousRequestId: No PreviousRequestId, message: 'no pipeline errors, setting and returning completed response'
2026-06-11 16:15:02.531 +05:30 [DBG] ApiGateway | requestId: 0HNM7KPSITGK3:00000001, previousRequestId: No PreviousRequestId, message: 'no pipeline errors, setting and returning completed response'
2026-06-11 16:15:02.531 +05:30 [DBG] ApiGateway | requestId: 0HNM7KPSITGJU:00000002, previousRequestId: No PreviousRequestId, message: 'no pipeline errors, setting and returning completed response'
2026-06-11 16:15:02.531 +05:30 [DBG] ApiGateway | requestId: 0HNM7KPSITGK2:00000001, previousRequestId: No PreviousRequestId, message: 'no pipeline errors, setting and returning completed response'
2026-06-11 16:15:02.557 +05:30 [DBG] ApiGateway | requestId: 0HNM7KPSITGK1:00000001, previousRequestId: No PreviousRequestId, message: 'ocelot pipeline finished'
2026-06-11 16:15:02.557 +05:30 [DBG] ApiGateway | requestId: 0HNM7KPSITGK0:00000001, previousRequestId: No PreviousRequestId, message: 'ocelot pipeline finished'
2026-06-11 16:15:02.557 +05:30 [DBG] ApiGateway | requestId: 0HNM7KPSITGK3:00000001, previousRequestId: No PreviousRequestId, message: 'ocelot pipeline finished'
2026-06-11 16:15:02.557 +05:30 [DBG] ApiGateway | requestId: 0HNM7KPSITGJV:00000001, previousRequestId: No PreviousRequestId, message: 'ocelot pipeline finished'
2026-06-11 16:15:02.558 +05:30 [DBG] ApiGateway | requestId: 0HNM7KPSITGJU:00000002, previousRequestId: No PreviousRequestId, message: 'ocelot pipeline finished'
2026-06-11 16:15:02.560 +05:30 [DBG] ApiGateway | requestId: 0HNM7KPSITGK2:00000001, previousRequestId: No PreviousRequestId, message: 'ocelot pipeline finished'
2026-06-11 16:15:02.591 +05:30 [DBG] ApiGateway | requestId: 0HNM7KPSITGK0:00000003, previousRequestId: No PreviousRequestId, message: 'ocelot pipeline started'
2026-06-11 16:15:02.578 +05:30 [DBG] ApiGateway | requestId: 0HNM7KPSITGK3:00000003, previousRequestId: No PreviousRequestId, message: 'ocelot pipeline started'
2026-06-11 16:15:02.578 +05:30 [DBG] ApiGateway | requestId: 0HNM7KPSITGK1:00000003, previousRequestId: No PreviousRequestId, message: 'ocelot pipeline started'
2026-06-11 16:15:02.609 +05:30 [DBG] ApiGateway | requestId: 0HNM7KPSITGK0:00000003, previousRequestId: No PreviousRequestId, message: 'Upstream url path is /api/Auth/login'
2026-06-11 16:15:02.611 +05:30 [DBG] ApiGateway | requestId: 0HNM7KPSITGK3:00000003, previousRequestId: No PreviousRequestId, message: 'Upstream url path is /api/Auth/login'
2026-06-11 16:15:02.614 +05:30 [DBG] ApiGateway | requestId: 0HNM7KPSITGK1:00000003, previousRequestId: No PreviousRequestId, message: 'Upstream url path is /api/Auth/login'
2026-06-11 16:15:02.621 +05:30 [DBG] ApiGateway | requestId: 0HNM7KPSITGK0:00000003, previousRequestId: No PreviousRequestId, message: 'downstream templates are /api/auth/{everything}'
2026-06-11 16:15:02.623 +05:30 [DBG] ApiGateway | requestId: 0HNM7KPSITGK3:00000003, previousRequestId: No PreviousRequestId, message: 'downstream templates are /api/auth/{everything}'
2026-06-11 16:15:02.626 +05:30 [DBG] ApiGateway | requestId: 0HNM7KPSITGK1:00000003, previousRequestId: No PreviousRequestId, message: 'downstream templates are /api/auth/{everything}'
2026-06-11 16:15:02.629 +05:30 [INF] ApiGateway | requestId: 0HNM7KPSITGK0:00000003, previousRequestId: No PreviousRequestId, message: 'EndpointRateLimiting is not enabled for /api/auth/{everything}'
2026-06-11 16:15:02.631 +05:30 [INF] ApiGateway | requestId: 0HNM7KPSITGK3:00000003, previousRequestId: No PreviousRequestId, message: 'EndpointRateLimiting is not enabled for /api/auth/{everything}'
2026-06-11 16:15:02.638 +05:30 [INF] ApiGateway | requestId: 0HNM7KPSITGK1:00000003, previousRequestId: No PreviousRequestId, message: 'EndpointRateLimiting is not enabled for /api/auth/{everything}'
2026-06-11 16:15:02.641 +05:30 [INF] ApiGateway | requestId: 0HNM7KPSITGK0:00000003, previousRequestId: No PreviousRequestId, message: 'No authentication needed for path '/api/Auth/login'.'
2026-06-11 16:15:02.643 +05:30 [INF] ApiGateway | requestId: 0HNM7KPSITGK3:00000003, previousRequestId: No PreviousRequestId, message: 'No authentication needed for path '/api/Auth/login'.'
2026-06-11 16:15:02.646 +05:30 [INF] ApiGateway | requestId: 0HNM7KPSITGK1:00000003, previousRequestId: No PreviousRequestId, message: 'No authentication needed for path '/api/Auth/login'.'
2026-06-11 16:15:02.651 +05:30 [INF] ApiGateway | requestId: 0HNM7KPSITGK0:00000003, previousRequestId: No PreviousRequestId, message: '/api/auth/{everything} route does not require user to be authorized'
2026-06-11 16:15:02.654 +05:30 [INF] ApiGateway | requestId: 0HNM7KPSITGK3:00000003, previousRequestId: No PreviousRequestId, message: '/api/auth/{everything} route does not require user to be authorized'
2026-06-11 16:15:02.657 +05:30 [INF] ApiGateway | requestId: 0HNM7KPSITGK1:00000003, previousRequestId: No PreviousRequestId, message: '/api/auth/{everything} route does not require user to be authorized'
2026-06-11 16:15:02.659 +05:30 [DBG] ApiGateway | requestId: 0HNM7KPSITGK0:00000003, previousRequestId: No PreviousRequestId, message: 'Downstream url is http://localhost:5001/api/auth/login'
2026-06-11 16:15:02.661 +05:30 [DBG] ApiGateway | requestId: 0HNM7KPSITGK3:00000003, previousRequestId: No PreviousRequestId, message: 'Downstream url is http://localhost:5001/api/auth/login'
2026-06-11 16:15:02.667 +05:30 [DBG] ApiGateway | requestId: 0HNM7KPSITGK1:00000003, previousRequestId: No PreviousRequestId, message: 'Downstream url is http://localhost:5001/api/auth/login'
2026-06-11 16:15:02.690 +05:30 [WRN] ApiGateway | requestId: 0HNM7KPSITGK0:00000003, previousRequestId: No PreviousRequestId, message: '400 (Bad Request) status code of request URI: http://localhost:5001/api/auth/login.'
2026-06-11 16:15:02.690 +05:30 [WRN] ApiGateway | requestId: 0HNM7KPSITGK3:00000003, previousRequestId: No PreviousRequestId, message: '400 (Bad Request) status code of request URI: http://localhost:5001/api/auth/login.'
2026-06-11 16:15:02.694 +05:30 [WRN] ApiGateway | requestId: 0HNM7KPSITGK1:00000003, previousRequestId: No PreviousRequestId, message: '400 (Bad Request) status code of request URI: http://localhost:5001/api/auth/login.'
2026-06-11 16:15:02.695 +05:30 [DBG] ApiGateway | requestId: 0HNM7KPSITGK0:00000003, previousRequestId: No PreviousRequestId, message: 'setting http response message'
2026-06-11 16:15:02.697 +05:30 [DBG] ApiGateway | requestId: 0HNM7KPSITGK3:00000003, previousRequestId: No PreviousRequestId, message: 'setting http response message'
2026-06-11 16:15:02.700 +05:30 [DBG] ApiGateway | requestId: 0HNM7KPSITGK1:00000003, previousRequestId: No PreviousRequestId, message: 'setting http response message'
2026-06-11 16:15:02.703 +05:30 [DBG] ApiGateway | requestId: 0HNM7KPSITGK0:00000003, previousRequestId: No PreviousRequestId, message: 'no pipeline errors, setting and returning completed response'
2026-06-11 16:15:02.706 +05:30 [DBG] ApiGateway | requestId: 0HNM7KPSITGK3:00000003, previousRequestId: No PreviousRequestId, message: 'no pipeline errors, setting and returning completed response'
2026-06-11 16:15:02.707 +05:30 [DBG] ApiGateway | requestId: 0HNM7KPSITGK1:00000003, previousRequestId: No PreviousRequestId, message: 'no pipeline errors, setting and returning completed response'
2026-06-11 16:15:02.714 +05:30 [DBG] ApiGateway | requestId: 0HNM7KPSITGK0:00000003, previousRequestId: No PreviousRequestId, message: 'ocelot pipeline finished'
2026-06-11 16:15:02.716 +05:30 [DBG] ApiGateway | requestId: 0HNM7KPSITGK3:00000003, previousRequestId: No PreviousRequestId, message: 'ocelot pipeline finished'
2026-06-11 16:15:02.718 +05:30 [DBG] ApiGateway | requestId: 0HNM7KPSITGK1:00000003, previousRequestId: No PreviousRequestId, message: 'ocelot pipeline finished'
2026-06-11 16:17:11.382 +05:30 [INF] ApiGateway | Starting API Gateway...
2026-06-11 16:17:15.442 +05:30 [INF] ApiGateway | API Gateway started successfully on port 5000
2026-06-11 16:17:19.017 +05:30 [INF] ApiGateway | Now listening on: http://localhost:5000
2026-06-11 16:17:19.835 +05:30 [INF] ApiGateway | Application started. Press Ctrl+C to shut down.
2026-06-11 16:17:19.989 +05:30 [INF] ApiGateway | Hosting environment: Development
2026-06-11 16:17:20.064 +05:30 [INF] ApiGateway | Content root path: C:\Users\2492212\OneDrive - Cognizant\Desktop\sddr\fincl\ApiGateway
2026-06-11 16:29:05.974 +05:30 [DBG] ApiGateway | requestId: 0HNM7L1Q8JJCQ:00000002, previousRequestId: No PreviousRequestId, message: 'ocelot pipeline started'
2026-06-11 16:29:05.986 +05:30 [DBG] ApiGateway | requestId: 0HNM7L1Q8JJCQ:00000002, previousRequestId: No PreviousRequestId, message: 'Upstream url path is /api/Auth/login'
2026-06-11 16:29:06.021 +05:30 [DBG] ApiGateway | requestId: 0HNM7L1Q8JJCQ:00000002, previousRequestId: No PreviousRequestId, message: 'downstream templates are /api/auth/{everything}'
2026-06-11 16:29:06.049 +05:30 [INF] ApiGateway | requestId: 0HNM7L1Q8JJCQ:00000002, previousRequestId: No PreviousRequestId, message: 'EndpointRateLimiting is not enabled for /api/auth/{everything}'
2026-06-11 16:29:06.055 +05:30 [INF] ApiGateway | requestId: 0HNM7L1Q8JJCQ:00000002, previousRequestId: No PreviousRequestId, message: 'No authentication needed for path '/api/Auth/login'.'
2026-06-11 16:29:06.064 +05:30 [INF] ApiGateway | requestId: 0HNM7L1Q8JJCQ:00000002, previousRequestId: No PreviousRequestId, message: '/api/auth/{everything} route does not require user to be authorized'
2026-06-11 16:29:06.082 +05:30 [DBG] ApiGateway | requestId: 0HNM7L1Q8JJCQ:00000002, previousRequestId: No PreviousRequestId, message: 'Downstream url is http://localhost:5001/api/auth/login'
2026-06-11 16:29:09.515 +05:30 [WRN] ApiGateway | requestId: 0HNM7L1Q8JJCQ:00000002, previousRequestId: No PreviousRequestId, message: '400 (Bad Request) status code of request URI: http://localhost:5001/api/auth/login.'
2026-06-11 16:29:09.518 +05:30 [DBG] ApiGateway | requestId: 0HNM7L1Q8JJCQ:00000002, previousRequestId: No PreviousRequestId, message: 'setting http response message'
2026-06-11 16:29:09.536 +05:30 [DBG] ApiGateway | requestId: 0HNM7L1Q8JJCQ:00000002, previousRequestId: No PreviousRequestId, message: 'no pipeline errors, setting and returning completed response'
2026-06-11 16:29:09.546 +05:30 [DBG] ApiGateway | requestId: 0HNM7L1Q8JJCQ:00000002, previousRequestId: No PreviousRequestId, message: 'ocelot pipeline finished'
2026-06-11 16:35:12.196 +05:30 [DBG] ApiGateway | requestId: 0HNM7L1Q8JJCR:00000002, previousRequestId: No PreviousRequestId, message: 'ocelot pipeline started'
2026-06-11 16:35:12.213 +05:30 [DBG] ApiGateway | requestId: 0HNM7L1Q8JJCR:00000002, previousRequestId: No PreviousRequestId, message: 'Upstream url path is /api/Auth/login'
2026-06-11 16:35:12.219 +05:30 [DBG] ApiGateway | requestId: 0HNM7L1Q8JJCR:00000002, previousRequestId: No PreviousRequestId, message: 'downstream templates are /api/auth/{everything}'
2026-06-11 16:35:12.222 +05:30 [INF] ApiGateway | requestId: 0HNM7L1Q8JJCR:00000002, previousRequestId: No PreviousRequestId, message: 'EndpointRateLimiting is not enabled for /api/auth/{everything}'
2026-06-11 16:35:12.226 +05:30 [INF] ApiGateway | requestId: 0HNM7L1Q8JJCR:00000002, previousRequestId: No PreviousRequestId, message: 'No authentication needed for path '/api/Auth/login'.'
2026-06-11 16:35:12.228 +05:30 [INF] ApiGateway | requestId: 0HNM7L1Q8JJCR:00000002, previousRequestId: No PreviousRequestId, message: '/api/auth/{everything} route does not require user to be authorized'
2026-06-11 16:35:12.230 +05:30 [DBG] ApiGateway | requestId: 0HNM7L1Q8JJCR:00000002, previousRequestId: No PreviousRequestId, message: 'Downstream url is http://localhost:5001/api/auth/login'
2026-06-11 16:35:12.306 +05:30 [WRN] ApiGateway | requestId: 0HNM7L1Q8JJCR:00000002, previousRequestId: No PreviousRequestId, message: '400 (Bad Request) status code of request URI: http://localhost:5001/api/auth/login.'
2026-06-11 16:35:12.309 +05:30 [DBG] ApiGateway | requestId: 0HNM7L1Q8JJCR:00000002, previousRequestId: No PreviousRequestId, message: 'setting http response message'
2026-06-11 16:35:12.313 +05:30 [DBG] ApiGateway | requestId: 0HNM7L1Q8JJCR:00000002, previousRequestId: No PreviousRequestId, message: 'no pipeline errors, setting and returning completed response'
2026-06-11 16:35:12.316 +05:30 [DBG] ApiGateway | requestId: 0HNM7L1Q8JJCR:00000002, previousRequestId: No PreviousRequestId, message: 'ocelot pipeline finished'
2026-06-11 16:35:23.514 +05:30 [DBG] ApiGateway | requestId: 0HNM7L1Q8JJCR:00000004, previousRequestId: No PreviousRequestId, message: 'ocelot pipeline started'
2026-06-11 16:35:23.517 +05:30 [DBG] ApiGateway | requestId: 0HNM7L1Q8JJCR:00000004, previousRequestId: No PreviousRequestId, message: 'Upstream url path is /api/Auth/login'
2026-06-11 16:35:23.520 +05:30 [DBG] ApiGateway | requestId: 0HNM7L1Q8JJCR:00000004, previousRequestId: No PreviousRequestId, message: 'downstream templates are /api/auth/{everything}'
2026-06-11 16:35:23.522 +05:30 [INF] ApiGateway | requestId: 0HNM7L1Q8JJCR:00000004, previousRequestId: No PreviousRequestId, message: 'EndpointRateLimiting is not enabled for /api/auth/{everything}'
2026-06-11 16:35:23.524 +05:30 [INF] ApiGateway | requestId: 0HNM7L1Q8JJCR:00000004, previousRequestId: No PreviousRequestId, message: 'No authentication needed for path '/api/Auth/login'.'
2026-06-11 16:35:23.526 +05:30 [INF] ApiGateway | requestId: 0HNM7L1Q8JJCR:00000004, previousRequestId: No PreviousRequestId, message: '/api/auth/{everything} route does not require user to be authorized'
2026-06-11 16:35:23.528 +05:30 [DBG] ApiGateway | requestId: 0HNM7L1Q8JJCR:00000004, previousRequestId: No PreviousRequestId, message: 'Downstream url is http://localhost:5001/api/auth/login'
2026-06-11 16:35:23.609 +05:30 [WRN] ApiGateway | requestId: 0HNM7L1Q8JJCR:00000004, previousRequestId: No PreviousRequestId, message: '400 (Bad Request) status code of request URI: http://localhost:5001/api/auth/login.'
2026-06-11 16:35:23.611 +05:30 [DBG] ApiGateway | requestId: 0HNM7L1Q8JJCR:00000004, previousRequestId: No PreviousRequestId, message: 'setting http response message'
2026-06-11 16:35:23.613 +05:30 [DBG] ApiGateway | requestId: 0HNM7L1Q8JJCR:00000004, previousRequestId: No PreviousRequestId, message: 'no pipeline errors, setting and returning completed response'
2026-06-11 16:35:23.615 +05:30 [DBG] ApiGateway | requestId: 0HNM7L1Q8JJCR:00000004, previousRequestId: No PreviousRequestId, message: 'ocelot pipeline finished'
2026-06-11 16:36:12.958 +05:30 [DBG] ApiGateway | requestId: 0HNM7L1Q8JJCT:00000001, previousRequestId: No PreviousRequestId, message: 'ocelot pipeline started'
2026-06-11 16:36:12.961 +05:30 [DBG] ApiGateway | requestId: 0HNM7L1Q8JJCT:00000001, previousRequestId: No PreviousRequestId, message: 'Upstream url path is /api/Auth/login'
2026-06-11 16:36:12.963 +05:30 [DBG] ApiGateway | requestId: 0HNM7L1Q8JJCT:00000001, previousRequestId: No PreviousRequestId, message: 'downstream templates are /api/auth/{everything}'
2026-06-11 16:36:12.966 +05:30 [INF] ApiGateway | requestId: 0HNM7L1Q8JJCT:00000001, previousRequestId: No PreviousRequestId, message: 'EndpointRateLimiting is not enabled for /api/auth/{everything}'
2026-06-11 16:36:12.967 +05:30 [INF] ApiGateway | requestId: 0HNM7L1Q8JJCT:00000001, previousRequestId: No PreviousRequestId, message: 'No authentication needed for path '/api/Auth/login'.'
2026-06-11 16:36:12.969 +05:30 [INF] ApiGateway | requestId: 0HNM7L1Q8JJCT:00000001, previousRequestId: No PreviousRequestId, message: '/api/auth/{everything} route does not require user to be authorized'
2026-06-11 16:36:12.972 +05:30 [DBG] ApiGateway | requestId: 0HNM7L1Q8JJCT:00000001, previousRequestId: No PreviousRequestId, message: 'Downstream url is http://localhost:5001/api/auth/login'
2026-06-11 16:36:12.997 +05:30 [WRN] ApiGateway | requestId: 0HNM7L1Q8JJCT:00000001, previousRequestId: No PreviousRequestId, message: '400 (Bad Request) status code of request URI: http://localhost:5001/api/auth/login.'
2026-06-11 16:36:12.999 +05:30 [DBG] ApiGateway | requestId: 0HNM7L1Q8JJCT:00000001, previousRequestId: No PreviousRequestId, message: 'setting http response message'
2026-06-11 16:36:13.001 +05:30 [DBG] ApiGateway | requestId: 0HNM7L1Q8JJCT:00000001, previousRequestId: No PreviousRequestId, message: 'no pipeline errors, setting and returning completed response'
2026-06-11 16:36:13.003 +05:30 [DBG] ApiGateway | requestId: 0HNM7L1Q8JJCT:00000001, previousRequestId: No PreviousRequestId, message: 'ocelot pipeline finished'
2026-06-11 16:36:42.342 +05:30 [DBG] ApiGateway | requestId: 0HNM7L1Q8JJCT:00000002, previousRequestId: No PreviousRequestId, message: 'ocelot pipeline started'
2026-06-11 16:36:42.347 +05:30 [DBG] ApiGateway | requestId: 0HNM7L1Q8JJCT:00000002, previousRequestId: No PreviousRequestId, message: 'Upstream url path is /api/Auth/login'
2026-06-11 16:36:42.350 +05:30 [DBG] ApiGateway | requestId: 0HNM7L1Q8JJCT:00000002, previousRequestId: No PreviousRequestId, message: 'downstream templates are /api/auth/{everything}'
2026-06-11 16:36:42.351 +05:30 [INF] ApiGateway | requestId: 0HNM7L1Q8JJCT:00000002, previousRequestId: No PreviousRequestId, message: 'EndpointRateLimiting is not enabled for /api/auth/{everything}'
2026-06-11 16:36:42.353 +05:30 [INF] ApiGateway | requestId: 0HNM7L1Q8JJCT:00000002, previousRequestId: No PreviousRequestId, message: 'No authentication needed for path '/api/Auth/login'.'
2026-06-11 16:36:42.356 +05:30 [INF] ApiGateway | requestId: 0HNM7L1Q8JJCT:00000002, previousRequestId: No PreviousRequestId, message: '/api/auth/{everything} route does not require user to be authorized'
2026-06-11 16:36:42.358 +05:30 [DBG] ApiGateway | requestId: 0HNM7L1Q8JJCT:00000002, previousRequestId: No PreviousRequestId, message: 'Downstream url is http://localhost:5001/api/auth/login'
2026-06-11 16:36:42.717 +05:30 [WRN] ApiGateway | requestId: 0HNM7L1Q8JJCT:00000002, previousRequestId: No PreviousRequestId, message: '400 (Bad Request) status code of request URI: http://localhost:5001/api/auth/login.'
2026-06-11 16:36:42.719 +05:30 [DBG] ApiGateway | requestId: 0HNM7L1Q8JJCT:00000002, previousRequestId: No PreviousRequestId, message: 'setting http response message'
2026-06-11 16:36:42.722 +05:30 [DBG] ApiGateway | requestId: 0HNM7L1Q8JJCT:00000002, previousRequestId: No PreviousRequestId, message: 'no pipeline errors, setting and returning completed response'
2026-06-11 16:36:42.724 +05:30 [DBG] ApiGateway | requestId: 0HNM7L1Q8JJCT:00000002, previousRequestId: No PreviousRequestId, message: 'ocelot pipeline finished'
2026-06-11 16:37:49.084 +05:30 [DBG] ApiGateway | requestId: 0HNM7L1Q8JJCR:00000006, previousRequestId: No PreviousRequestId, message: 'ocelot pipeline started'
2026-06-11 16:37:49.092 +05:30 [DBG] ApiGateway | requestId: 0HNM7L1Q8JJCR:00000006, previousRequestId: No PreviousRequestId, message: 'Upstream url path is /api/Auth/login'
2026-06-11 16:37:49.094 +05:30 [DBG] ApiGateway | requestId: 0HNM7L1Q8JJCR:00000006, previousRequestId: No PreviousRequestId, message: 'downstream templates are /api/auth/{everything}'
2026-06-11 16:37:49.096 +05:30 [INF] ApiGateway | requestId: 0HNM7L1Q8JJCR:00000006, previousRequestId: No PreviousRequestId, message: 'EndpointRateLimiting is not enabled for /api/auth/{everything}'
2026-06-11 16:37:49.098 +05:30 [INF] ApiGateway | requestId: 0HNM7L1Q8JJCR:00000006, previousRequestId: No PreviousRequestId, message: 'No authentication needed for path '/api/Auth/login'.'
2026-06-11 16:37:49.100 +05:30 [INF] ApiGateway | requestId: 0HNM7L1Q8JJCR:00000006, previousRequestId: No PreviousRequestId, message: '/api/auth/{everything} route does not require user to be authorized'
2026-06-11 16:37:49.102 +05:30 [DBG] ApiGateway | requestId: 0HNM7L1Q8JJCR:00000006, previousRequestId: No PreviousRequestId, message: 'Downstream url is http://localhost:5001/api/auth/login'
2026-06-11 16:37:49.143 +05:30 [WRN] ApiGateway | requestId: 0HNM7L1Q8JJCR:00000006, previousRequestId: No PreviousRequestId, message: '400 (Bad Request) status code of request URI: http://localhost:5001/api/auth/login.'
2026-06-11 16:37:49.145 +05:30 [DBG] ApiGateway | requestId: 0HNM7L1Q8JJCR:00000006, previousRequestId: No PreviousRequestId, message: 'setting http response message'
2026-06-11 16:37:49.147 +05:30 [DBG] ApiGateway | requestId: 0HNM7L1Q8JJCR:00000006, previousRequestId: No PreviousRequestId, message: 'no pipeline errors, setting and returning completed response'
2026-06-11 16:37:49.149 +05:30 [DBG] ApiGateway | requestId: 0HNM7L1Q8JJCR:00000006, previousRequestId: No PreviousRequestId, message: 'ocelot pipeline finished'
2026-06-11 16:39:44.988 +05:30 [INF] ApiGateway | Starting API Gateway...
2026-06-11 16:39:49.421 +05:30 [INF] ApiGateway | API Gateway started successfully on port 5000
2026-06-11 16:39:53.461 +05:30 [INF] ApiGateway | Now listening on: http://localhost:5000
2026-06-11 16:39:54.401 +05:30 [INF] ApiGateway | Application started. Press Ctrl+C to shut down.
2026-06-11 16:39:54.511 +05:30 [INF] ApiGateway | Hosting environment: Development
2026-06-11 16:39:54.615 +05:30 [INF] ApiGateway | Content root path: C:\Users\2492212\OneDrive - Cognizant\Desktop\sddr\fincl\ApiGateway
2026-06-11 16:56:24.915 +05:30 [DBG] ApiGateway | requestId: 0HNM7LH2N3OGE:00000001, previousRequestId: No PreviousRequestId, message: 'ocelot pipeline started'
2026-06-11 16:56:24.923 +05:30 [DBG] ApiGateway | requestId: 0HNM7LH2N3OGE:00000001, previousRequestId: No PreviousRequestId, message: 'Upstream url path is /api/Auth/login'
2026-06-11 16:56:24.955 +05:30 [DBG] ApiGateway | requestId: 0HNM7LH2N3OGE:00000001, previousRequestId: No PreviousRequestId, message: 'downstream templates are /api/auth/{everything}'
2026-06-11 16:56:24.984 +05:30 [INF] ApiGateway | requestId: 0HNM7LH2N3OGE:00000001, previousRequestId: No PreviousRequestId, message: 'EndpointRateLimiting is not enabled for /api/auth/{everything}'
2026-06-11 16:56:24.988 +05:30 [INF] ApiGateway | requestId: 0HNM7LH2N3OGE:00000001, previousRequestId: No PreviousRequestId, message: 'No authentication needed for path '/api/Auth/login'.'
2026-06-11 16:56:24.993 +05:30 [INF] ApiGateway | requestId: 0HNM7LH2N3OGE:00000001, previousRequestId: No PreviousRequestId, message: '/api/auth/{everything} route does not require user to be authorized'
2026-06-11 16:56:25.006 +05:30 [DBG] ApiGateway | requestId: 0HNM7LH2N3OGE:00000001, previousRequestId: No PreviousRequestId, message: 'Downstream url is http://localhost:5001/api/auth/login'
2026-06-11 16:56:25.387 +05:30 [WRN] ApiGateway | requestId: 0HNM7LH2N3OGE:00000001, previousRequestId: No PreviousRequestId, message: '400 (Bad Request) status code of request URI: http://localhost:5001/api/auth/login.'
2026-06-11 16:56:25.389 +05:30 [DBG] ApiGateway | requestId: 0HNM7LH2N3OGE:00000001, previousRequestId: No PreviousRequestId, message: 'setting http response message'
2026-06-11 16:56:25.410 +05:30 [DBG] ApiGateway | requestId: 0HNM7LH2N3OGE:00000001, previousRequestId: No PreviousRequestId, message: 'no pipeline errors, setting and returning completed response'
2026-06-11 16:56:25.433 +05:30 [DBG] ApiGateway | requestId: 0HNM7LH2N3OGE:00000001, previousRequestId: No PreviousRequestId, message: 'ocelot pipeline finished'
2026-06-11 16:57:13.968 +05:30 [DBG] ApiGateway | requestId: 0HNM7LH2N3OGE:00000002, previousRequestId: No PreviousRequestId, message: 'ocelot pipeline started'
2026-06-11 16:57:13.982 +05:30 [DBG] ApiGateway | requestId: 0HNM7LH2N3OGE:00000002, previousRequestId: No PreviousRequestId, message: 'Upstream url path is /api/Auth/login'
2026-06-11 16:57:13.986 +05:30 [DBG] ApiGateway | requestId: 0HNM7LH2N3OGE:00000002, previousRequestId: No PreviousRequestId, message: 'downstream templates are /api/auth/{everything}'
2026-06-11 16:57:13.989 +05:30 [INF] ApiGateway | requestId: 0HNM7LH2N3OGE:00000002, previousRequestId: No PreviousRequestId, message: 'EndpointRateLimiting is not enabled for /api/auth/{everything}'
2026-06-11 16:57:13.992 +05:30 [INF] ApiGateway | requestId: 0HNM7LH2N3OGE:00000002, previousRequestId: No PreviousRequestId, message: 'No authentication needed for path '/api/Auth/login'.'
2026-06-11 16:57:13.994 +05:30 [INF] ApiGateway | requestId: 0HNM7LH2N3OGE:00000002, previousRequestId: No PreviousRequestId, message: '/api/auth/{everything} route does not require user to be authorized'
2026-06-11 16:57:13.997 +05:30 [DBG] ApiGateway | requestId: 0HNM7LH2N3OGE:00000002, previousRequestId: No PreviousRequestId, message: 'Downstream url is http://localhost:5001/api/auth/login'
2026-06-11 16:57:14.245 +05:30 [WRN] ApiGateway | requestId: 0HNM7LH2N3OGE:00000002, previousRequestId: No PreviousRequestId, message: '400 (Bad Request) status code of request URI: http://localhost:5001/api/auth/login.'
2026-06-11 16:57:14.248 +05:30 [DBG] ApiGateway | requestId: 0HNM7LH2N3OGE:00000002, previousRequestId: No PreviousRequestId, message: 'setting http response message'
2026-06-11 16:57:14.250 +05:30 [DBG] ApiGateway | requestId: 0HNM7LH2N3OGE:00000002, previousRequestId: No PreviousRequestId, message: 'no pipeline errors, setting and returning completed response'
2026-06-11 16:57:14.253 +05:30 [DBG] ApiGateway | requestId: 0HNM7LH2N3OGE:00000002, previousRequestId: No PreviousRequestId, message: 'ocelot pipeline finished'
2026-06-11 16:59:05.847 +05:30 [DBG] ApiGateway | requestId: 0HNM7LH2N3OGG:00000001, previousRequestId: No PreviousRequestId, message: 'ocelot pipeline started'
2026-06-11 16:59:05.849 +05:30 [DBG] ApiGateway | requestId: 0HNM7LH2N3OGG:00000001, previousRequestId: No PreviousRequestId, message: 'Upstream url path is /api/Auth/login'
2026-06-11 16:59:05.852 +05:30 [DBG] ApiGateway | requestId: 0HNM7LH2N3OGG:00000001, previousRequestId: No PreviousRequestId, message: 'downstream templates are /api/auth/{everything}'
2026-06-11 16:59:05.855 +05:30 [INF] ApiGateway | requestId: 0HNM7LH2N3OGG:00000001, previousRequestId: No PreviousRequestId, message: 'EndpointRateLimiting is not enabled for /api/auth/{everything}'
2026-06-11 16:59:05.857 +05:30 [INF] ApiGateway | requestId: 0HNM7LH2N3OGG:00000001, previousRequestId: No PreviousRequestId, message: 'No authentication needed for path '/api/Auth/login'.'
2026-06-11 16:59:05.859 +05:30 [INF] ApiGateway | requestId: 0HNM7LH2N3OGG:00000001, previousRequestId: No PreviousRequestId, message: '/api/auth/{everything} route does not require user to be authorized'
2026-06-11 16:59:05.861 +05:30 [DBG] ApiGateway | requestId: 0HNM7LH2N3OGG:00000001, previousRequestId: No PreviousRequestId, message: 'Downstream url is http://localhost:5001/api/auth/login'
2026-06-11 16:59:06.093 +05:30 [INF] ApiGateway | requestId: 0HNM7LH2N3OGG:00000001, previousRequestId: No PreviousRequestId, message: '200 (OK) status code of request URI: http://localhost:5001/api/auth/login.'
2026-06-11 16:59:06.095 +05:30 [DBG] ApiGateway | requestId: 0HNM7LH2N3OGG:00000001, previousRequestId: No PreviousRequestId, message: 'setting http response message'
2026-06-11 16:59:06.098 +05:30 [DBG] ApiGateway | requestId: 0HNM7LH2N3OGG:00000001, previousRequestId: No PreviousRequestId, message: 'no pipeline errors, setting and returning completed response'
2026-06-11 16:59:06.099 +05:30 [DBG] ApiGateway | requestId: 0HNM7LH2N3OGG:00000001, previousRequestId: No PreviousRequestId, message: 'ocelot pipeline finished'
