2026-06-05 08:41:30.801 +05:30 [INF] ApiGateway | Starting API Gateway...
2026-06-05 08:41:37.500 +05:30 [INF] ApiGateway | API Gateway started successfully on port 5000
2026-06-05 08:41:41.409 +05:30 [INF] ApiGateway | Now listening on: http://localhost:5000
2026-06-05 08:41:42.492 +05:30 [INF] ApiGateway | Application started. Press Ctrl+C to shut down.
2026-06-05 08:41:42.503 +05:30 [INF] ApiGateway | Hosting environment: Development
2026-06-05 08:41:42.507 +05:30 [INF] ApiGateway | Content root path: C:\Users\2492212\OneDrive - Cognizant\Desktop\sddr\fincl\ApiGateway
2026-06-05 08:44:30.346 +05:30 [INF] ApiGateway | Starting API Gateway...
2026-06-05 08:44:37.178 +05:30 [INF] ApiGateway | API Gateway started successfully on port 5000
2026-06-05 08:44:39.514 +05:30 [INF] ApiGateway | Now listening on: http://localhost:5000
2026-06-05 08:44:40.017 +05:30 [INF] ApiGateway | Application started. Press Ctrl+C to shut down.
2026-06-05 08:44:40.033 +05:30 [INF] ApiGateway | Hosting environment: Development
2026-06-05 08:44:40.047 +05:30 [INF] ApiGateway | Content root path: C:\Users\2492212\OneDrive - Cognizant\Desktop\sddr\fincl\ApiGateway
2026-06-05 09:25:43.479 +05:30 [INF] ApiGateway | Starting API Gateway...
2026-06-05 09:25:50.954 +05:30 [INF] ApiGateway | API Gateway started successfully on port 5000
2026-06-05 09:25:58.305 +05:30 [INF] ApiGateway | Now listening on: http://localhost:5000
2026-06-05 09:25:59.163 +05:30 [INF] ApiGateway | Application started. Press Ctrl+C to shut down.
2026-06-05 09:25:59.179 +05:30 [INF] ApiGateway | Hosting environment: Development
2026-06-05 09:25:59.182 +05:30 [INF] ApiGateway | Content root path: C:\Users\2492212\OneDrive - Cognizant\Desktop\sddr\fincl\ApiGateway
2026-06-05 10:28:07.178 +05:30 [INF] ApiGateway | Starting API Gateway...
2026-06-05 10:28:11.844 +05:30 [INF] ApiGateway | API Gateway started successfully on port 5000
2026-06-05 10:28:13.542 +05:30 [INF] ApiGateway | Now listening on: http://localhost:5000
2026-06-05 10:28:14.169 +05:30 [INF] ApiGateway | Application started. Press Ctrl+C to shut down.
2026-06-05 10:28:14.761 +05:30 [INF] ApiGateway | Hosting environment: Development
2026-06-05 10:28:15.589 +05:30 [INF] ApiGateway | Content root path: C:\Users\2492212\OneDrive - Cognizant\Desktop\sddr\fincl\ApiGateway
2026-06-05 14:10:54.720 +05:30 [INF] ApiGateway | Starting API Gateway...
2026-06-05 14:10:59.045 +05:30 [INF] ApiGateway | API Gateway started successfully on port 5000
2026-06-05 14:11:01.586 +05:30 [INF] ApiGateway | Now listening on: http://localhost:5000
2026-06-05 14:11:02.350 +05:30 [INF] ApiGateway | Application started. Press Ctrl+C to shut down.
2026-06-05 14:11:02.356 +05:30 [INF] ApiGateway | Hosting environment: Development
2026-06-05 14:11:02.364 +05:30 [INF] ApiGateway | Content root path: C:\Users\2492212\OneDrive - Cognizant\Desktop\sddr\fincl\ApiGateway
2026-06-05 14:16:31.201 +05:30 [INF] ApiGateway | Starting API Gateway...
2026-06-05 14:16:34.983 +05:30 [INF] ApiGateway | API Gateway started successfully on port 5000
2026-06-05 14:16:37.221 +05:30 [INF] ApiGateway | Now listening on: http://localhost:5000
2026-06-05 14:16:39.236 +05:30 [INF] ApiGateway | Application started. Press Ctrl+C to shut down.
2026-06-05 14:16:39.249 +05:30 [INF] ApiGateway | Hosting environment: Development
2026-06-05 14:16:39.256 +05:30 [INF] ApiGateway | Content root path: C:\Users\2492212\OneDrive - Cognizant\Desktop\sddr\fincl\ApiGateway
