2026-06-05 08:41:32.028 +05:30 [INF] HotelService | Starting Hotel Service...
2026-06-05 08:41:36.987 +05:30 [INF] HotelService | Hotel Service started successfully on port 5002
2026-06-05 08:41:38.684 +05:30 [INF] HotelService | Now listening on: http://localhost:5002
2026-06-05 08:41:39.201 +05:30 [INF] HotelService | Application started. Press Ctrl+C to shut down.
2026-06-05 08:41:39.394 +05:30 [INF] HotelService | Hosting environment: Development
2026-06-05 08:41:39.669 +05:30 [INF] HotelService | Content root path: C:\Users\2492212\OneDrive - Cognizant\Desktop\sddr\fincl\HotelService
2026-06-05 08:44:30.398 +05:30 [INF] HotelService | Starting Hotel Service...
2026-06-05 08:44:37.646 +05:30 [INF] HotelService | Hotel Service started successfully on port 5002
2026-06-05 08:44:38.921 +05:30 [INF] HotelService | Now listening on: http://localhost:5002
2026-06-05 08:44:39.184 +05:30 [INF] HotelService | Application started. Press Ctrl+C to shut down.
2026-06-05 08:44:39.189 +05:30 [INF] HotelService | Hosting environment: Development
2026-06-05 08:44:39.192 +05:30 [INF] HotelService | Content root path: C:\Users\2492212\OneDrive - Cognizant\Desktop\sddr\fincl\HotelService
2026-06-05 09:25:48.279 +05:30 [INF] HotelService | Starting Hotel Service...
2026-06-05 09:25:54.660 +05:30 [INF] HotelService | Hotel Service started successfully on port 5002
2026-06-05 09:25:57.092 +05:30 [INF] HotelService | Now listening on: http://localhost:5002
2026-06-05 09:25:58.163 +05:30 [INF] HotelService | Application started. Press Ctrl+C to shut down.
2026-06-05 09:25:58.166 +05:30 [INF] HotelService | Hosting environment: Development
2026-06-05 09:25:58.170 +05:30 [INF] HotelService | Content root path: C:\Users\2492212\OneDrive - Cognizant\Desktop\sddr\fincl\HotelService
2026-06-05 10:28:09.760 +05:30 [INF] HotelService | Starting Hotel Service...
2026-06-05 10:28:13.813 +05:30 [INF] HotelService | Hotel Service started successfully on port 5002
2026-06-05 10:28:16.193 +05:30 [INF] HotelService | Now listening on: http://localhost:5002
2026-06-05 10:28:16.680 +05:30 [INF] HotelService | Application started. Press Ctrl+C to shut down.
2026-06-05 10:28:17.147 +05:30 [INF] HotelService | Hosting environment: Development
2026-06-05 10:28:17.154 +05:30 [INF] HotelService | Content root path: C:\Users\2492212\OneDrive - Cognizant\Desktop\sddr\fincl\HotelService
2026-06-05 14:10:58.556 +05:30 [INF] HotelService | Starting Hotel Service...
2026-06-05 14:11:03.169 +05:30 [INF] HotelService | Hotel Service started successfully on port 5002
2026-06-05 14:11:04.598 +05:30 [INF] HotelService | Now listening on: http://localhost:5002
2026-06-05 14:11:05.437 +05:30 [INF] HotelService | Application started. Press Ctrl+C to shut down.
2026-06-05 14:11:05.459 +05:30 [INF] HotelService | Hosting environment: Development
2026-06-05 14:11:05.476 +05:30 [INF] HotelService | Content root path: C:\Users\2492212\OneDrive - Cognizant\Desktop\sddr\fincl\HotelService
2026-06-05 14:16:31.309 +05:30 [INF] HotelService | Starting Hotel Service...
2026-06-05 14:16:35.128 +05:30 [INF] HotelService | Hotel Service started successfully on port 5002
2026-06-05 14:16:35.906 +05:30 [INF] HotelService | Now listening on: http://localhost:5002
2026-06-05 14:16:36.140 +05:30 [INF] HotelService | Application started. Press Ctrl+C to shut down.
2026-06-05 14:16:36.280 +05:30 [INF] HotelService | Hosting environment: Development
2026-06-05 14:16:36.287 +05:30 [INF] HotelService | Content root path: C:\Users\2492212\OneDrive - Cognizant\Desktop\sddr\fincl\HotelService
