2026-05-30 16:47:04.410 +05:30 [INF] PaymentService | Starting Payment Service...
2026-05-30 16:47:04.832 +05:30 [INF] PaymentService | Payment Service started successfully on port 5005
2026-05-30 16:47:04.949 +05:30 [INF] PaymentService | Now listening on: http://localhost:5005
2026-05-30 16:47:04.958 +05:30 [INF] PaymentService | Application started. Press Ctrl+C to shut down.
2026-05-30 16:47:04.962 +05:30 [INF] PaymentService | Hosting environment: Development
2026-05-30 16:47:04.965 +05:30 [INF] PaymentService | Content root path: C:\Users\2492212\OneDrive - Cognizant\Desktop\final project\PaymentService
2026-05-30 16:51:58.578 +05:30 [INF] PaymentService | Application is shutting down...
2026-05-30 17:07:39.959 +05:30 [INF] PaymentService | Starting Payment Service...
2026-05-30 17:07:40.246 +05:30 [FTL] PaymentService | Payment Service failed to start
Microsoft.Extensions.Hosting.HostAbortedException: The host was aborted.
   at Microsoft.Extensions.Hosting.HostFactoryResolver.HostingListener.ThrowHostAborted()
   at Microsoft.Extensions.Hosting.HostFactoryResolver.HostingListener.OnNext(KeyValuePair`2 value)
   at System.Diagnostics.DiagnosticListener.Write(String name, Object value)
   at Microsoft.Extensions.Hosting.HostBuilder.ResolveHost(IServiceProvider serviceProvider, DiagnosticListener diagnosticListener)
   at Microsoft.Extensions.Hosting.HostApplicationBuilder.Build()
   at Microsoft.AspNetCore.Builder.WebApplicationBuilder.Build()
   at Program.<Main>$(String[] args) in C:\Users\2492212\OneDrive - Cognizant\Desktop\final project\PaymentService\Program.cs:line 101
2026-05-30 17:12:56.067 +05:30 [INF] PaymentService | Starting Payment Service...
2026-05-30 17:12:56.506 +05:30 [INF] PaymentService | Payment Service started successfully on port 5005
2026-05-30 17:12:56.631 +05:30 [INF] PaymentService | Now listening on: http://localhost:5005
2026-05-30 17:12:56.641 +05:30 [INF] PaymentService | Application started. Press Ctrl+C to shut down.
2026-05-30 17:12:56.645 +05:30 [INF] PaymentService | Hosting environment: Development
2026-05-30 17:12:56.648 +05:30 [INF] PaymentService | Content root path: C:\Users\2492212\OneDrive - Cognizant\Desktop\final project\PaymentService
2026-05-30 17:34:02.539 +05:30 [INF] PaymentService | Starting Payment Service...
2026-05-30 17:34:03.003 +05:30 [INF] PaymentService | Payment Service started successfully on port 5005
2026-05-30 17:34:03.124 +05:30 [INF] PaymentService | Now listening on: http://localhost:5005
2026-05-30 17:34:03.133 +05:30 [INF] PaymentService | Application started. Press Ctrl+C to shut down.
2026-05-30 17:34:03.137 +05:30 [INF] PaymentService | Hosting environment: Development
2026-05-30 17:34:03.141 +05:30 [INF] PaymentService | Content root path: C:\Users\2492212\OneDrive - Cognizant\Desktop\final project\PaymentService
2026-05-30 17:36:41.700 +05:30 [INF] PaymentService | Start processing HTTP request PUT http://localhost:5004/api/bookings/1/payment
2026-05-30 17:36:41.708 +05:30 [INF] PaymentService | Sending HTTP request PUT http://localhost:5004/api/bookings/1/payment
2026-05-30 17:36:41.800 +05:30 [INF] PaymentService | Received HTTP response headers after 85.7699ms - 404
2026-05-30 17:36:41.809 +05:30 [INF] PaymentService | End processing HTTP request after 113.9238ms - 404
