2026-06-04 17:59:39.035 +05:30 [INF] PaymentService | Starting Payment Service...
2026-06-04 17:59:44.347 +05:30 [INF] PaymentService | Payment Service started successfully on port 5005
2026-06-04 17:59:45.244 +05:30 [INF] PaymentService | Now listening on: http://localhost:5005
2026-06-04 17:59:45.512 +05:30 [INF] PaymentService | Application started. Press Ctrl+C to shut down.
2026-06-04 17:59:45.539 +05:30 [INF] PaymentService | Hosting environment: Development
2026-06-04 17:59:45.543 +05:30 [INF] PaymentService | Content root path: C:\Users\2492212\OneDrive - Cognizant\Desktop\sddr\fincl\PaymentService
2026-06-04 21:06:43.424 +05:30 [INF] PaymentService | Starting Payment Service...
2026-06-04 21:06:43.942 +05:30 [FTL] PaymentService | Payment Service failed to start
Microsoft.Extensions.Hosting.HostAbortedException: The host was aborted.
   at Microsoft.Extensions.Hosting.HostFactoryResolver.HostingListener.ThrowHostAborted()
   at Microsoft.Extensions.Hosting.HostFactoryResolver.HostingListener.OnNext(KeyValuePair`2 value)
   at System.Diagnostics.DiagnosticListener.Write(String name, Object value)
   at Microsoft.Extensions.Hosting.HostBuilder.ResolveHost(IServiceProvider serviceProvider, DiagnosticListener diagnosticListener)
   at Microsoft.Extensions.Hosting.HostApplicationBuilder.Build()
   at Microsoft.AspNetCore.Builder.WebApplicationBuilder.Build()
   at Program.<Main>$(String[] args) in C:\Users\2492212\OneDrive - Cognizant\Desktop\sddr\fincl\PaymentService\Program.cs:line 101
2026-06-04 21:07:01.238 +05:30 [INF] PaymentService | Starting Payment Service...
2026-06-04 21:07:01.580 +05:30 [FTL] PaymentService | Payment Service failed to start
Microsoft.Extensions.Hosting.HostAbortedException: The host was aborted.
   at Microsoft.Extensions.Hosting.HostFactoryResolver.HostingListener.ThrowHostAborted()
   at Microsoft.Extensions.Hosting.HostFactoryResolver.HostingListener.OnNext(KeyValuePair`2 value)
   at System.Diagnostics.DiagnosticListener.Write(String name, Object value)
   at Microsoft.Extensions.Hosting.HostBuilder.ResolveHost(IServiceProvider serviceProvider, DiagnosticListener diagnosticListener)
   at Microsoft.Extensions.Hosting.HostApplicationBuilder.Build()
   at Microsoft.AspNetCore.Builder.WebApplicationBuilder.Build()
   at Program.<Main>$(String[] args) in C:\Users\2492212\OneDrive - Cognizant\Desktop\sddr\fincl\PaymentService\Program.cs:line 101
2026-06-04 21:09:31.915 +05:30 [INF] PaymentService | Starting Payment Service...
2026-06-04 21:09:36.691 +05:30 [INF] PaymentService | Payment Service started successfully on port 5005
2026-06-04 21:09:37.488 +05:30 [INF] PaymentService | Now listening on: http://localhost:5005
2026-06-04 21:09:37.684 +05:30 [INF] PaymentService | Application started. Press Ctrl+C to shut down.
2026-06-04 21:09:37.688 +05:30 [INF] PaymentService | Hosting environment: Development
2026-06-04 21:09:37.693 +05:30 [INF] PaymentService | Content root path: C:\Users\2492212\OneDrive - Cognizant\Desktop\sddr\fincl\PaymentService
2026-06-04 21:51:08.507 +05:30 [INF] PaymentService | Start processing HTTP request PUT http://localhost:5004/api/bookings/2/payment
2026-06-04 21:51:08.517 +05:30 [INF] PaymentService | Sending HTTP request PUT http://localhost:5004/api/bookings/2/payment
2026-06-04 21:51:08.575 +05:30 [INF] PaymentService | Received HTTP response headers after 49.0639ms - 404
2026-06-04 21:51:08.589 +05:30 [INF] PaymentService | End processing HTTP request after 91.3519ms - 404
