2026-05-30 16:47:28.406 +05:30 [INF] ReviewService | Starting Review Service...
2026-05-30 16:47:28.826 +05:30 [INF] ReviewService | Review Service started successfully on port 5006
2026-05-30 16:47:28.952 +05:30 [INF] ReviewService | Now listening on: http://localhost:5006
2026-05-30 16:47:28.962 +05:30 [INF] ReviewService | Application started. Press Ctrl+C to shut down.
2026-05-30 16:47:28.965 +05:30 [INF] ReviewService | Hosting environment: Development
2026-05-30 16:47:28.968 +05:30 [INF] ReviewService | Content root path: C:\Users\2492212\OneDrive - Cognizant\Desktop\final project\ReviewService
2026-05-30 16:52:06.433 +05:30 [INF] ReviewService | Application is shutting down...
2026-05-30 17:08:11.000 +05:30 [INF] ReviewService | Starting Review Service...
2026-05-30 17:08:11.276 +05:30 [FTL] ReviewService | Review Service failed to start
Microsoft.Extensions.Hosting.HostAbortedException: The host was aborted.
   at Microsoft.Extensions.Hosting.HostFactoryResolver.HostingListener.ThrowHostAborted()
   at Microsoft.Extensions.Hosting.HostFactoryResolver.HostingListener.OnNext(KeyValuePair`2 value)
   at System.Diagnostics.DiagnosticListener.Write(String name, Object value)
   at Microsoft.Extensions.Hosting.HostBuilder.ResolveHost(IServiceProvider serviceProvider, DiagnosticListener diagnosticListener)
   at Microsoft.Extensions.Hosting.HostApplicationBuilder.Build()
   at Microsoft.AspNetCore.Builder.WebApplicationBuilder.Build()
   at Program.<Main>$(String[] args) in C:\Users\2492212\OneDrive - Cognizant\Desktop\final project\ReviewService\Program.cs:line 101
2026-05-30 17:13:32.130 +05:30 [INF] ReviewService | Starting Review Service...
2026-05-30 17:13:32.656 +05:30 [INF] ReviewService | Review Service started successfully on port 5006
2026-05-30 17:13:32.795 +05:30 [INF] ReviewService | Now listening on: http://localhost:5006
2026-05-30 17:13:32.805 +05:30 [INF] ReviewService | Application started. Press Ctrl+C to shut down.
2026-05-30 17:13:32.809 +05:30 [INF] ReviewService | Hosting environment: Development
2026-05-30 17:13:32.814 +05:30 [INF] ReviewService | Content root path: C:\Users\2492212\OneDrive - Cognizant\Desktop\final project\ReviewService
2026-05-30 17:33:58.712 +05:30 [INF] ReviewService | Starting Review Service...
2026-05-30 17:33:59.323 +05:30 [INF] ReviewService | Review Service started successfully on port 5006
2026-05-30 17:33:59.465 +05:30 [INF] ReviewService | Now listening on: http://localhost:5006
2026-05-30 17:33:59.473 +05:30 [INF] ReviewService | Application started. Press Ctrl+C to shut down.
2026-05-30 17:33:59.477 +05:30 [INF] ReviewService | Hosting environment: Development
2026-05-30 17:33:59.480 +05:30 [INF] ReviewService | Content root path: C:\Users\2492212\OneDrive - Cognizant\Desktop\final project\ReviewService
