2026-05-30 16:46:39.897 +05:30 [INF] BookingService | Starting Booking Service...
2026-05-30 16:46:40.309 +05:30 [INF] BookingService | Booking Service started successfully on port 5004
2026-05-30 16:46:40.429 +05:30 [INF] BookingService | Now listening on: http://localhost:5004
2026-05-30 16:46:40.437 +05:30 [INF] BookingService | Application started. Press Ctrl+C to shut down.
2026-05-30 16:46:40.441 +05:30 [INF] BookingService | Hosting environment: Development
2026-05-30 16:46:40.444 +05:30 [INF] BookingService | Content root path: C:\Users\2492212\OneDrive - Cognizant\Desktop\final project\BookingService
2026-05-30 16:51:50.483 +05:30 [INF] BookingService | Application is shutting down...
2026-05-30 17:07:09.310 +05:30 [INF] BookingService | Starting Booking Service...
2026-05-30 17:07:09.577 +05:30 [FTL] BookingService | Booking Service failed to start
Microsoft.Extensions.Hosting.HostAbortedException: The host was aborted.
   at Microsoft.Extensions.Hosting.HostFactoryResolver.HostingListener.ThrowHostAborted()
   at Microsoft.Extensions.Hosting.HostFactoryResolver.HostingListener.OnNext(KeyValuePair`2 value)
   at System.Diagnostics.DiagnosticListener.Write(String name, Object value)
   at Microsoft.Extensions.Hosting.HostBuilder.ResolveHost(IServiceProvider serviceProvider, DiagnosticListener diagnosticListener)
   at Microsoft.Extensions.Hosting.HostApplicationBuilder.Build()
   at Microsoft.AspNetCore.Builder.WebApplicationBuilder.Build()
   at Program.<Main>$(String[] args) in C:\Users\2492212\OneDrive - Cognizant\Desktop\final project\BookingService\Program.cs:line 101
2026-05-30 17:11:50.865 +05:30 [INF] BookingService | Starting Booking Service...
2026-05-30 17:11:51.317 +05:30 [INF] BookingService | Booking Service started successfully on port 5004
2026-05-30 17:11:51.438 +05:30 [INF] BookingService | Now listening on: http://localhost:5004
2026-05-30 17:11:51.445 +05:30 [INF] BookingService | Application started. Press Ctrl+C to shut down.
2026-05-30 17:11:51.449 +05:30 [INF] BookingService | Hosting environment: Development
2026-05-30 17:11:51.453 +05:30 [INF] BookingService | Content root path: C:\Users\2492212\OneDrive - Cognizant\Desktop\final project\BookingService
2026-05-30 17:34:00.902 +05:30 [INF] BookingService | Starting Booking Service...
2026-05-30 17:34:01.358 +05:30 [INF] BookingService | Booking Service started successfully on port 5004
2026-05-30 17:34:01.497 +05:30 [INF] BookingService | Now listening on: http://localhost:5004
2026-05-30 17:34:01.507 +05:30 [INF] BookingService | Application started. Press Ctrl+C to shut down.
2026-05-30 17:34:01.512 +05:30 [INF] BookingService | Hosting environment: Development
2026-05-30 17:34:01.517 +05:30 [INF] BookingService | Content root path: C:\Users\2492212\OneDrive - Cognizant\Desktop\final project\BookingService
2026-05-30 17:35:07.467 +05:30 [INF] BookingService | Start processing HTTP request GET http://localhost:5003/api/rooms/2
2026-05-30 17:35:07.474 +05:30 [INF] BookingService | Sending HTTP request GET http://localhost:5003/api/rooms/2
2026-05-30 17:35:07.592 +05:30 [INF] BookingService | Received HTTP response headers after 110.1028ms - 200
2026-05-30 17:35:07.602 +05:30 [INF] BookingService | End processing HTTP request after 140.5923ms - 200
2026-05-30 17:35:07.862 +05:30 [INF] BookingService | Start processing HTTP request PUT http://localhost:5003/api/rooms/2/availability
2026-05-30 17:35:07.867 +05:30 [INF] BookingService | Sending HTTP request PUT http://localhost:5003/api/rooms/2/availability
2026-05-30 17:35:07.874 +05:30 [INF] BookingService | Received HTTP response headers after 4.0357ms - 401
2026-05-30 17:35:07.880 +05:30 [INF] BookingService | End processing HTTP request after 17.9235ms - 401
