2026-06-05 08:41:32.924 +05:30 [INF] BookingService | Starting Booking Service...
2026-06-05 08:41:38.872 +05:30 [INF] BookingService | Booking Service started successfully on port 5004
2026-06-05 08:41:40.746 +05:30 [INF] BookingService | Now listening on: http://localhost:5004
2026-06-05 08:41:41.043 +05:30 [INF] BookingService | Application started. Press Ctrl+C to shut down.
2026-06-05 08:41:41.047 +05:30 [INF] BookingService | Hosting environment: Development
2026-06-05 08:41:41.121 +05:30 [INF] BookingService | Content root path: C:\Users\2492212\OneDrive - Cognizant\Desktop\sddr\fincl\BookingService
2026-06-05 08:44:31.330 +05:30 [INF] BookingService | Starting Booking Service...
2026-06-05 08:44:38.611 +05:30 [INF] BookingService | Booking Service started successfully on port 5004
2026-06-05 08:44:39.675 +05:30 [INF] BookingService | Now listening on: http://localhost:5004
2026-06-05 08:44:39.918 +05:30 [INF] BookingService | Application started. Press Ctrl+C to shut down.
2026-06-05 08:44:40.000 +05:30 [INF] BookingService | Hosting environment: Development
2026-06-05 08:44:40.061 +05:30 [INF] BookingService | Content root path: C:\Users\2492212\OneDrive - Cognizant\Desktop\sddr\fincl\BookingService
2026-06-05 09:25:49.303 +05:30 [INF] BookingService | Starting Booking Service...
2026-06-05 09:26:01.622 +05:30 [INF] BookingService | Booking Service started successfully on port 5004
2026-06-05 09:26:02.422 +05:30 [INF] BookingService | Now listening on: http://localhost:5004
2026-06-05 09:26:02.686 +05:30 [INF] BookingService | Application started. Press Ctrl+C to shut down.
2026-06-05 09:26:02.718 +05:30 [INF] BookingService | Hosting environment: Development
2026-06-05 09:26:02.724 +05:30 [INF] BookingService | Content root path: C:\Users\2492212\OneDrive - Cognizant\Desktop\sddr\fincl\BookingService
2026-06-05 10:28:10.050 +05:30 [INF] BookingService | Starting Booking Service...
2026-06-05 10:28:14.148 +05:30 [INF] BookingService | Booking Service started successfully on port 5004
2026-06-05 10:28:16.349 +05:30 [INF] BookingService | Now listening on: http://localhost:5004
2026-06-05 10:28:16.668 +05:30 [INF] BookingService | Application started. Press Ctrl+C to shut down.
2026-06-05 10:28:16.698 +05:30 [INF] BookingService | Hosting environment: Development
2026-06-05 10:28:16.850 +05:30 [INF] BookingService | Content root path: C:\Users\2492212\OneDrive - Cognizant\Desktop\sddr\fincl\BookingService
2026-06-05 14:10:59.191 +05:30 [INF] BookingService | Starting Booking Service...
2026-06-05 14:11:07.325 +05:30 [INF] BookingService | Booking Service started successfully on port 5004
2026-06-05 14:11:08.177 +05:30 [INF] BookingService | Now listening on: http://localhost:5004
2026-06-05 14:11:08.373 +05:30 [INF] BookingService | Application started. Press Ctrl+C to shut down.
2026-06-05 14:11:08.649 +05:30 [INF] BookingService | Hosting environment: Development
2026-06-05 14:11:08.744 +05:30 [INF] BookingService | Content root path: C:\Users\2492212\OneDrive - Cognizant\Desktop\sddr\fincl\BookingService
2026-06-05 14:16:32.073 +05:30 [INF] BookingService | Starting Booking Service...
2026-06-05 14:16:35.670 +05:30 [INF] BookingService | Booking Service started successfully on port 5004
2026-06-05 14:16:36.615 +05:30 [INF] BookingService | Now listening on: http://localhost:5004
2026-06-05 14:16:36.901 +05:30 [INF] BookingService | Application started. Press Ctrl+C to shut down.
2026-06-05 14:16:36.905 +05:30 [INF] BookingService | Hosting environment: Development
2026-06-05 14:16:36.907 +05:30 [INF] BookingService | Content root path: C:\Users\2492212\OneDrive - Cognizant\Desktop\sddr\fincl\BookingService
2026-06-05 14:25:15.464 +05:30 [INF] BookingService | Start processing HTTP request GET http://localhost:5003/api/rooms/3
2026-06-05 14:25:15.471 +05:30 [INF] BookingService | Sending HTTP request GET http://localhost:5003/api/rooms/3
2026-06-05 14:25:15.598 +05:30 [INF] BookingService | Received HTTP response headers after 120.9992ms - 200
2026-06-05 14:25:15.607 +05:30 [INF] BookingService | End processing HTTP request after 149.191ms - 200
2026-06-05 14:25:15.935 +05:30 [INF] BookingService | Start processing HTTP request PUT http://localhost:5003/api/rooms/3/availability
2026-06-05 14:25:15.938 +05:30 [INF] BookingService | Sending HTTP request PUT http://localhost:5003/api/rooms/3/availability
2026-06-05 14:25:15.956 +05:30 [INF] BookingService | Received HTTP response headers after 16.0408ms - 401
2026-06-05 14:25:15.958 +05:30 [INF] BookingService | End processing HTTP request after 22.4477ms - 401
