2026-06-05 08:41:32.096 +05:30 [INF] RoomService | Starting Room Service...
2026-06-05 08:41:37.502 +05:30 [INF] RoomService | Room Service started successfully on port 5003
2026-06-05 08:41:39.042 +05:30 [INF] RoomService | Now listening on: http://localhost:5003
2026-06-05 08:41:39.412 +05:30 [INF] RoomService | Application started. Press Ctrl+C to shut down.
2026-06-05 08:41:39.668 +05:30 [INF] RoomService | Hosting environment: Development
2026-06-05 08:41:40.171 +05:30 [INF] RoomService | Content root path: C:\Users\2492212\OneDrive - Cognizant\Desktop\sddr\fincl\RoomService
2026-06-05 08:44:29.519 +05:30 [INF] RoomService | Starting Room Service...
2026-06-05 08:44:34.819 +05:30 [INF] RoomService | Room Service started successfully on port 5003
2026-06-05 08:44:36.326 +05:30 [INF] RoomService | Now listening on: http://localhost:5003
2026-06-05 08:44:36.583 +05:30 [INF] RoomService | Application started. Press Ctrl+C to shut down.
2026-06-05 08:44:36.846 +05:30 [INF] RoomService | Hosting environment: Development
2026-06-05 08:44:36.918 +05:30 [INF] RoomService | Content root path: C:\Users\2492212\OneDrive - Cognizant\Desktop\sddr\fincl\RoomService
2026-06-05 09:25:44.199 +05:30 [INF] RoomService | Starting Room Service...
2026-06-05 09:25:50.525 +05:30 [INF] RoomService | Room Service started successfully on port 5003
2026-06-05 09:25:51.568 +05:30 [INF] RoomService | Now listening on: http://localhost:5003
2026-06-05 09:25:51.767 +05:30 [INF] RoomService | Application started. Press Ctrl+C to shut down.
2026-06-05 09:25:51.770 +05:30 [INF] RoomService | Hosting environment: Development
2026-06-05 09:25:51.773 +05:30 [INF] RoomService | Content root path: C:\Users\2492212\OneDrive - Cognizant\Desktop\sddr\fincl\RoomService
2026-06-05 10:28:08.744 +05:30 [INF] RoomService | Starting Room Service...
2026-06-05 10:28:12.874 +05:30 [INF] RoomService | Room Service started successfully on port 5003
2026-06-05 10:28:13.586 +05:30 [INF] RoomService | Now listening on: http://localhost:5003
2026-06-05 10:28:13.743 +05:30 [INF] RoomService | Application started. Press Ctrl+C to shut down.
2026-06-05 10:28:13.746 +05:30 [INF] RoomService | Hosting environment: Development
2026-06-05 10:28:13.749 +05:30 [INF] RoomService | Content root path: C:\Users\2492212\OneDrive - Cognizant\Desktop\sddr\fincl\RoomService
2026-06-05 14:10:55.269 +05:30 [INF] RoomService | Starting Room Service...
2026-06-05 14:10:59.005 +05:30 [INF] RoomService | Room Service started successfully on port 5003
2026-06-05 14:11:00.128 +05:30 [INF] RoomService | Now listening on: http://localhost:5003
2026-06-05 14:11:00.316 +05:30 [INF] RoomService | Application started. Press Ctrl+C to shut down.
2026-06-05 14:11:00.320 +05:30 [INF] RoomService | Hosting environment: Development
2026-06-05 14:11:00.324 +05:30 [INF] RoomService | Content root path: C:\Users\2492212\OneDrive - Cognizant\Desktop\sddr\fincl\RoomService
2026-06-05 14:16:32.165 +05:30 [INF] RoomService | Starting Room Service...
2026-06-05 14:16:35.454 +05:30 [INF] RoomService | Room Service started successfully on port 5003
2026-06-05 14:16:36.349 +05:30 [INF] RoomService | Now listening on: http://localhost:5003
2026-06-05 14:16:36.517 +05:30 [INF] RoomService | Application started. Press Ctrl+C to shut down.
2026-06-05 14:16:36.520 +05:30 [INF] RoomService | Hosting environment: Development
2026-06-05 14:16:36.522 +05:30 [INF] RoomService | Content root path: C:\Users\2492212\OneDrive - Cognizant\Desktop\sddr\fincl\RoomService
