2026-05-30 17:21:36.817 +05:30 [INF] RoomService | Starting Room Service...
2026-05-30 17:21:37.103 +05:30 [FTL] RoomService | Room Service failed to start
Microsoft.Extensions.Hosting.HostAbortedException: The host was aborted.
   at Microsoft.Extensions.Hosting.HostFactoryResolver.HostingListener.ThrowHostAborted()
   at Microsoft.Extensions.Hosting.HostFactoryResolver.HostingListener.OnNext(KeyValuePair`2 value)
   at System.Diagnostics.DiagnosticListener.Write(String name, Object value)
   at Microsoft.Extensions.Hosting.HostBuilder.ResolveHost(IServiceProvider serviceProvider, DiagnosticListener diagnosticListener)
   at Microsoft.Extensions.Hosting.HostApplicationBuilder.Build()
   at Microsoft.AspNetCore.Builder.WebApplicationBuilder.Build()
   at Program.<Main>$(String[] args) in C:\Users\2492212\OneDrive - Cognizant\Desktop\final project\RoomService\Program.cs:line 102
2026-05-30 17:25:39.641 +05:30 [INF] RoomService | Starting Room Service...
2026-05-30 17:25:39.874 +05:30 [FTL] RoomService | Room Service failed to start
Microsoft.Extensions.Hosting.HostAbortedException: The host was aborted.
   at Microsoft.Extensions.Hosting.HostFactoryResolver.HostingListener.ThrowHostAborted()
   at Microsoft.Extensions.Hosting.HostFactoryResolver.HostingListener.OnNext(KeyValuePair`2 value)
   at System.Diagnostics.DiagnosticListener.Write(String name, Object value)
   at Microsoft.Extensions.Hosting.HostBuilder.ResolveHost(IServiceProvider serviceProvider, DiagnosticListener diagnosticListener)
   at Microsoft.Extensions.Hosting.HostApplicationBuilder.Build()
   at Microsoft.AspNetCore.Builder.WebApplicationBuilder.Build()
   at Program.<Main>$(String[] args) in C:\Users\2492212\OneDrive - Cognizant\Desktop\final project\RoomService\Program.cs:line 102
2026-05-30 17:27:03.855 +05:30 [INF] RoomService | Starting Room Service...
2026-05-30 17:27:04.407 +05:30 [INF] RoomService | Room Service started successfully on port 5003
2026-05-30 17:27:04.578 +05:30 [INF] RoomService | Now listening on: http://localhost:5003
2026-05-30 17:27:04.585 +05:30 [INF] RoomService | Application started. Press Ctrl+C to shut down.
2026-05-30 17:27:04.588 +05:30 [INF] RoomService | Hosting environment: Development
2026-05-30 17:27:04.593 +05:30 [INF] RoomService | Content root path: C:\Users\2492212\OneDrive - Cognizant\Desktop\final project\RoomService
